opencv2/sdk/build/intermediates/manifest_merge_blame_file/debug/manifest-merger-blame-debug-report.txt
1<?xml version="1.0" encoding="utf-8"?>
2<manifest xmlns:android="http://schemas.android.com/apk/res/android"
3    package="org.opencv" >
4
5    <uses-sdk android:minSdkVersion="24" />
6
7    <uses-feature
7-->sdk\java\AndroidManifest.xml:4:5-6:36
8        android:name="android.hardware.camera"
8-->sdk\java\AndroidManifest.xml:5:9-47
9        android:required="false" />
9-->sdk\java\AndroidManifest.xml:6:9-33
10
11    <uses-permission android:name="android.permission.CAMERA" />
11-->sdk\java\AndroidManifest.xml:7:5-65
11-->sdk\java\AndroidManifest.xml:7:22-62
12
13</manifest>